
--- User Info Received: 2025/9/28 16:34:23 ---
Treasure Name: Dnald Trump
Name: hayato toshima
Address: daisenCity kamihurumiti 213-4
Age: 42
School Name: shimizu junior school
School TEL: 090-9538-9225
Dream: perfect kindness and piece.
------------------------------------------

--- User Info Received: 2025/9/28 16:37:46 ---
Treasure Name: Vladimir Vladimirovich Putin
Name: hayato toshima
Address: daisenCity kamihurumiti 213-4
Age: 42
School Name: shimizu junior school
School TEL: 0187-62-2243
Dream: perfect kindness and piece.
------------------------------------------

--- User Info Received: 2025/9/28 16:40:37 ---
Treasure Name: 習近平
Name: hayato toshima
Address: daisenCity kamihurumiti 213-4
Age: 42
School Name: shimizu junior school
School TEL: 080-5899-5666
Dream: perfect kindness and piece.
------------------------------------------

--- User Info Received: 2025/10/27 20:42:58 ---
Treasure Name: a
Name: a
Address: a
Age: 1
School Name: a
School TEL: a
Dream: a
------------------------------------------
